{"contracts/access/iEstate/PlatformProviderRbac.sol":{"l":{"28":0,"29":0,"37":0,"38":0,"46":1,"55":6,"64":7,"73":1,"82":1,"91":33,"100":2},"path":"/Users/sherazarshad/Documents/Clients/iFunded/security-token-version-2/contracts/access/iEstate/PlatformProviderRbac.sol","s":{"1":0,"2":0,"3":1,"4":6,"5":7,"6":1,"7":1,"8":33,"9":2},"b":{"1":[0,0],"2":[0,0]},"f":{"1":2,"2":0,"3":0,"4":1,"5":6,"6":7,"7":1,"8":1,"9":33,"10":2},"fnMap":{"1":{"name":"constructor","line":20,"loc":{"start":{"line":20,"column":4},"end":{"line":20,"column":65}}},"2":{"name":"onlyLevel1","line":27,"loc":{"start":{"line":27,"column":4},"end":{"line":27,"column":35}}},"3":{"name":"onlyLevel2","line":36,"loc":{"start":{"line":36,"column":4},"end":{"line":36,"column":35}}},"4":{"name":"getAppIdentifier","line":45,"loc":{"start":{"line":45,"column":4},"end":{"line":45,"column":59}}},"5":{"name":"addToLevel1","line":54,"loc":{"start":{"line":54,"column":4},"end":{"line":54,"column":80}}},"6":{"name":"addToLevel2","line":63,"loc":{"start":{"line":63,"column":4},"end":{"line":63,"column":80}}},"7":{"name":"removeFromLevel1","line":72,"loc":{"start":{"line":72,"column":4},"end":{"line":72,"column":85}}},"8":{"name":"removeFromLevel2","line":81,"loc":{"start":{"line":81,"column":4},"end":{"line":81,"column":85}}},"9":{"name":"isLevel1","line":90,"loc":{"start":{"line":90,"column":4},"end":{"line":90,"column":60}}},"10":{"name":"isLevel2","line":99,"loc":{"start":{"line":99,"column":4},"end":{"line":99,"column":60}}}},"statementMap":{"1":{"start":{"line":28,"column":8},"end":{"line":28,"column":98}},"2":{"start":{"line":37,"column":8},"end":{"line":37,"column":98}},"3":{"start":{"line":46,"column":8},"end":{"line":46,"column":29}},"4":{"start":{"line":55,"column":8},"end":{"line":55,"column":55}},"5":{"start":{"line":64,"column":8},"end":{"line":64,"column":55}},"6":{"start":{"line":73,"column":8},"end":{"line":73,"column":60}},"7":{"start":{"line":82,"column":8},"end":{"line":82,"column":60}},"8":{"start":{"line":91,"column":8},"end":{"line":91,"column":64}},"9":{"start":{"line":100,"column":8},"end":{"line":100,"column":64}}},"branchMap":{"1":{"line":28,"type":"if","locations":[{"start":{"line":28,"column":8},"end":{"line":28,"column":8}},{"start":{"line":28,"column":8},"end":{"line":28,"column":8}}]},"2":{"line":37,"type":"if","locations":[{"start":{"line":37,"column":8},"end":{"line":37,"column":8}},{"start":{"line":37,"column":8},"end":{"line":37,"column":8}}]}}},"contracts/access/ReentrancyGuard.sol":{"l":{"16":2,"27":52,"28":52,"29":52,"30":24},"path":"/Users/sherazarshad/Documents/Clients/iFunded/security-token-version-2/contracts/access/ReentrancyGuard.sol","s":{"1":2,"2":52,"3":52,"4":24},"b":{"1":[24,0]},"f":{"1":2,"2":52},"fnMap":{"1":{"name":"constructor","line":13,"loc":{"start":{"line":13,"column":4},"end":{"line":13,"column":25}}},"2":{"name":"nonReentrant","line":26,"loc":{"start":{"line":26,"column":4},"end":{"line":26,"column":25}}}},"statementMap":{"1":{"start":{"line":16,"column":8},"end":{"line":16,"column":24}},"2":{"start":{"line":27,"column":8},"end":{"line":27,"column":25}},"3":{"start":{"line":28,"column":8},"end":{"line":28,"column":43}},"4":{"start":{"line":30,"column":8},"end":{"line":30,"column":65}}},"branchMap":{"1":{"line":30,"type":"if","locations":[{"start":{"line":30,"column":8},"end":{"line":30,"column":8}},{"start":{"line":30,"column":8},"end":{"line":30,"column":8}}]}}},"contracts/access/RoleBasedAccessControl.sol":{"l":{"33":38,"35":30,"45":48,"55":7,"56":7,"57":7,"58":7,"68":1,"69":1,"70":1,"71":1,"81":77,"82":77,"83":77,"84":77,"94":13,"95":13,"96":13,"97":13,"98":13,"108":2,"109":2,"110":2,"111":2,"112":2},"path":"/Users/sherazarshad/Documents/Clients/iFunded/security-token-version-2/contracts/access/RoleBasedAccessControl.sol","s":{"1":38,"2":48,"3":7,"4":7,"5":7,"6":7,"7":1,"8":1,"9":1,"10":1,"11":77,"12":77,"13":77,"14":77,"15":13,"16":13,"17":13,"18":13,"19":13,"20":2,"21":2,"22":2,"23":2,"24":2},"b":{"1":[30,8],"2":[7,0],"3":[7,0],"4":[1,0],"5":[1,0],"6":[77,0],"7":[77,0],"8":[77,0],"9":[13,0],"10":[13,0],"11":[13,0],"12":[13,0],"13":[2,0],"14":[2,0],"15":[2,0],"16":[2,0]},"f":{"1":2,"2":38,"3":48,"4":7,"5":1,"6":77,"7":13,"8":2},"fnMap":{"1":{"name":"constructor","line":26,"loc":{"start":{"line":26,"column":4},"end":{"line":26,"column":67}}},"2":{"name":"onlySecurityOperator","line":32,"loc":{"start":{"line":32,"column":4},"end":{"line":32,"column":46}}},"3":{"name":"isSecurityOperator","line":44,"loc":{"start":{"line":44,"column":4},"end":{"line":44,"column":85}}},"4":{"name":"addOperator","line":54,"loc":{"start":{"line":54,"column":4},"end":{"line":54,"column":88}}},"5":{"name":"removeOperator","line":67,"loc":{"start":{"line":67,"column":4},"end":{"line":67,"column":91}}},"6":{"name":"isMemberOf","line":80,"loc":{"start":{"line":80,"column":4},"end":{"line":80,"column":91}}},"7":{"name":"addToRole","line":93,"loc":{"start":{"line":93,"column":4},"end":{"line":93,"column":98}}},"8":{"name":"removeFromRole","line":107,"loc":{"start":{"line":107,"column":4},"end":{"line":107,"column":103}}}},"statementMap":{"1":{"start":{"line":33,"column":8},"end":{"line":33,"column":1121}},"2":{"start":{"line":45,"column":8},"end":{"line":45,"column":46}},"3":{"start":{"line":55,"column":8},"end":{"line":55,"column":64}},"4":{"start":{"line":56,"column":8},"end":{"line":56,"column":80}},"5":{"start":{"line":57,"column":8},"end":{"line":57,"column":45}},"6":{"start":{"line":58,"column":8},"end":{"line":58,"column":47}},"7":{"start":{"line":68,"column":8},"end":{"line":68,"column":90}},"8":{"start":{"line":69,"column":8},"end":{"line":69,"column":79}},"9":{"start":{"line":70,"column":8},"end":{"line":70,"column":46}},"10":{"start":{"line":71,"column":8},"end":{"line":71,"column":49}},"11":{"start":{"line":81,"column":8},"end":{"line":81,"column":64}},"12":{"start":{"line":82,"column":8},"end":{"line":82,"column":59}},"13":{"start":{"line":83,"column":8},"end":{"line":83,"column":61}},"14":{"start":{"line":84,"column":8},"end":{"line":84,"column":47}},"15":{"start":{"line":94,"column":8},"end":{"line":94,"column":64}},"16":{"start":{"line":95,"column":8},"end":{"line":95,"column":59}},"17":{"start":{"line":96,"column":8},"end":{"line":96,"column":61}},"18":{"start":{"line":97,"column":8},"end":{"line":97,"column":98}},"19":{"start":{"line":98,"column":8},"end":{"line":98,"column":46}},"20":{"start":{"line":108,"column":8},"end":{"line":108,"column":64}},"21":{"start":{"line":109,"column":8},"end":{"line":109,"column":59}},"22":{"start":{"line":110,"column":8},"end":{"line":110,"column":61}},"23":{"start":{"line":111,"column":8},"end":{"line":111,"column":90}},"24":{"start":{"line":112,"column":8},"end":{"line":112,"column":47}}},"branchMap":{"1":{"line":33,"type":"if","locations":[{"start":{"line":33,"column":8},"end":{"line":33,"column":8}},{"start":{"line":33,"column":8},"end":{"line":33,"column":8}}]},"2":{"line":55,"type":"if","locations":[{"start":{"line":55,"column":8},"end":{"line":55,"column":8}},{"start":{"line":55,"column":8},"end":{"line":55,"column":8}}]},"3":{"line":56,"type":"if","locations":[{"start":{"line":56,"column":8},"end":{"line":56,"column":8}},{"start":{"line":56,"column":8},"end":{"line":56,"column":8}}]},"4":{"line":68,"type":"if","locations":[{"start":{"line":68,"column":8},"end":{"line":68,"column":8}},{"start":{"line":68,"column":8},"end":{"line":68,"column":8}}]},"5":{"line":69,"type":"if","locations":[{"start":{"line":69,"column":8},"end":{"line":69,"column":8}},{"start":{"line":69,"column":8},"end":{"line":69,"column":8}}]},"6":{"line":81,"type":"if","locations":[{"start":{"line":81,"column":8},"end":{"line":81,"column":8}},{"start":{"line":81,"column":8},"end":{"line":81,"column":8}}]},"7":{"line":82,"type":"if","locations":[{"start":{"line":82,"column":8},"end":{"line":82,"column":8}},{"start":{"line":82,"column":8},"end":{"line":82,"column":8}}]},"8":{"line":83,"type":"if","locations":[{"start":{"line":83,"column":8},"end":{"line":83,"column":8}},{"start":{"line":83,"column":8},"end":{"line":83,"column":8}}]},"9":{"line":94,"type":"if","locations":[{"start":{"line":94,"column":8},"end":{"line":94,"column":8}},{"start":{"line":94,"column":8},"end":{"line":94,"column":8}}]},"10":{"line":95,"type":"if","locations":[{"start":{"line":95,"column":8},"end":{"line":95,"column":8}},{"start":{"line":95,"column":8},"end":{"line":95,"column":8}}]},"11":{"line":96,"type":"if","locations":[{"start":{"line":96,"column":8},"end":{"line":96,"column":8}},{"start":{"line":96,"column":8},"end":{"line":96,"column":8}}]},"12":{"line":97,"type":"if","locations":[{"start":{"line":97,"column":8},"end":{"line":97,"column":8}},{"start":{"line":97,"column":8},"end":{"line":97,"column":8}}]},"13":{"line":108,"type":"if","locations":[{"start":{"line":108,"column":8},"end":{"line":108,"column":8}},{"start":{"line":108,"column":8},"end":{"line":108,"column":8}}]},"14":{"line":109,"type":"if","locations":[{"start":{"line":109,"column":8},"end":{"line":109,"column":8}},{"start":{"line":109,"column":8},"end":{"line":109,"column":8}}]},"15":{"line":110,"type":"if","locations":[{"start":{"line":110,"column":8},"end":{"line":110,"column":8}},{"start":{"line":110,"column":8},"end":{"line":110,"column":8}}]},"16":{"line":111,"type":"if","locations":[{"start":{"line":111,"column":8},"end":{"line":111,"column":8}},{"start":{"line":111,"column":8},"end":{"line":111,"column":8}}]}}},"contracts/ERC/ERC1400/ERC1400.sol":{"l":{"41":2,"42":2,"43":2,"53":1,"56":1,"57":1,"69":1,"83":1,"85":1,"86":1,"87":1,"99":1,"102":1,"113":1,"123":1,"126":1,"135":0,"144":0,"154":2,"164":1,"177":1,"178":1,"179":1,"180":1,"181":1,"182":1,"193":1,"194":1,"195":1,"196":1,"197":1,"198":1,"206":1,"214":1,"222":1,"233":2,"234":2,"237":2,"239":2,"242":2,"244":2},"path":"/Users/sherazarshad/Documents/Clients/iFunded/security-token-version-2/contracts/ERC/ERC1400/ERC1400.sol","s":{"1":2,"2":2,"3":2,"4":1,"5":1,"6":1,"7":1,"8":1,"9":1,"10":1,"11":1,"12":1,"13":1,"14":0,"15":0,"16":2,"17":1,"18":1,"19":1,"20":1,"21":1,"22":1,"23":1,"24":1,"25":1,"26":1,"27":2,"28":2,"29":2,"30":2,"31":2},"b":{"1":[1,0],"2":[2,0]},"f":{"1":2,"2":1,"3":1,"4":1,"5":1,"6":1,"7":1,"8":0,"9":0,"10":2,"11":1,"12":1,"13":1,"14":1,"15":1,"16":1,"17":2},"fnMap":{"1":{"name":"constructor","line":33,"loc":{"start":{"line":33,"column":4},"end":{"line":40,"column":60}}},"2":{"name":"transfer","line":51,"loc":{"start":{"line":51,"column":4},"end":{"line":51,"column":70}}},"3":{"name":"transferFrom","line":68,"loc":{"start":{"line":68,"column":4},"end":{"line":68,"column":88}}},"4":{"name":"approve","line":82,"loc":{"start":{"line":82,"column":4},"end":{"line":82,"column":74}}},"5":{"name":"issue","line":96,"loc":{"start":{"line":96,"column":4},"end":{"line":97,"column":43}}},"6":{"name":"transferFromWithData","line":112,"loc":{"start":{"line":112,"column":4},"end":{"line":112,"column":102}}},"7":{"name":"transferWithData","line":122,"loc":{"start":{"line":122,"column":4},"end":{"line":122,"column":84}}},"8":{"name":"redeem","line":134,"loc":{"start":{"line":134,"column":4},"end":{"line":134,"column":62}}},"9":{"name":"redeemFrom","line":143,"loc":{"start":{"line":143,"column":4},"end":{"line":143,"column":87}}},"10":{"name":"allowance","line":153,"loc":{"start":{"line":153,"column":4},"end":{"line":153,"column":84}}},"11":{"name":"isIssuable","line":163,"loc":{"start":{"line":163,"column":4},"end":{"line":163,"column":52}}},"12":{"name":"canTransferFrom","line":175,"loc":{"start":{"line":175,"column":4},"end":{"line":176,"column":49}}},"13":{"name":"canTransfer","line":192,"loc":{"start":{"line":192,"column":4},"end":{"line":192,"column":114}}},"14":{"name":"name","line":205,"loc":{"start":{"line":205,"column":4},"end":{"line":205,"column":53}}},"15":{"name":"symbol","line":213,"loc":{"start":{"line":213,"column":4},"end":{"line":213,"column":55}}},"16":{"name":"decimals","line":221,"loc":{"start":{"line":221,"column":4},"end":{"line":221,"column":49}}},"17":{"name":"_transferFromWithData","line":232,"loc":{"start":{"line":232,"column":4},"end":{"line":232,"column":114}}}},"statementMap":{"1":{"start":{"line":41,"column":8},"end":{"line":41,"column":29}},"2":{"start":{"line":42,"column":8},"end":{"line":42,"column":42}},"3":{"start":{"line":43,"column":8},"end":{"line":43,"column":37}},"4":{"start":{"line":56,"column":8},"end":{"line":56,"column":44}},"5":{"start":{"line":57,"column":8},"end":{"line":57,"column":19}},"6":{"start":{"line":69,"column":8},"end":{"line":69,"column":57}},"7":{"start":{"line":83,"column":8},"end":{"line":83,"column":57}},"8":{"start":{"line":85,"column":8},"end":{"line":85,"column":44}},"9":{"start":{"line":86,"column":8},"end":{"line":86,"column":49}},"10":{"start":{"line":87,"column":8},"end":{"line":87,"column":19}},"11":{"start":{"line":102,"column":8},"end":{"line":102,"column":57}},"12":{"start":{"line":113,"column":8},"end":{"line":113,"column":51}},"13":{"start":{"line":126,"column":8},"end":{"line":126,"column":44}},"14":{"start":{"line":135,"column":8},"end":{"line":135,"column":85}},"15":{"start":{"line":144,"column":8},"end":{"line":144,"column":86}},"16":{"start":{"line":154,"column":8},"end":{"line":154,"column":39}},"17":{"start":{"line":164,"column":8},"end":{"line":164,"column":34}},"18":{"start":{"line":180,"column":8},"end":{"line":180,"column":106}},"19":{"start":{"line":181,"column":8},"end":{"line":181,"column":71}},"20":{"start":{"line":182,"column":8},"end":{"line":182,"column":44}},"21":{"start":{"line":196,"column":8},"end":{"line":196,"column":112}},"22":{"start":{"line":197,"column":8},"end":{"line":197,"column":71}},"23":{"start":{"line":198,"column":8},"end":{"line":198,"column":44}},"24":{"start":{"line":206,"column":8},"end":{"line":206,"column":25}},"25":{"start":{"line":214,"column":8},"end":{"line":214,"column":27}},"26":{"start":{"line":222,"column":8},"end":{"line":222,"column":29}},"27":{"start":{"line":233,"column":8},"end":{"line":233,"column":77}},"28":{"start":{"line":234,"column":8},"end":{"line":234,"column":73}},"29":{"start":{"line":239,"column":8},"end":{"line":239,"column":67}},"30":{"start":{"line":242,"column":8},"end":{"line":242,"column":38}},"31":{"start":{"line":244,"column":8},"end":{"line":244,"column":19}}},"branchMap":{"1":{"line":83,"type":"if","locations":[{"start":{"line":83,"column":8},"end":{"line":83,"column":8}},{"start":{"line":83,"column":8},"end":{"line":83,"column":8}}]},"2":{"line":233,"type":"if","locations":[{"start":{"line":233,"column":8},"end":{"line":233,"column":8}},{"start":{"line":233,"column":8},"end":{"line":233,"column":8}}]}}},"contracts/ERC/ERC1410/ERC1410.sol":{"l":{"105":2,"106":2,"107":2,"108":2,"110":2,"115":5,"116":5,"117":5,"121":16,"122":6,"127":40,"128":40,"133":66,"134":64,"142":5,"143":5,"151":1,"154":1,"162":1,"163":1,"171":1,"172":1,"182":2,"183":2,"194":1,"195":1,"207":19,"217":9,"230":13,"252":6,"270":5,"297":5,"298":5,"301":1,"325":0,"327":0,"330":0,"345":2,"354":13,"364":11,"365":11,"367":0,"376":10,"377":10,"378":14,"380":10,"387":5,"397":8,"409":8,"426":4,"434":0,"441":2,"442":2,"443":2,"444":2,"451":3,"452":1,"453":1,"454":1,"462":3,"503":41,"507":22,"508":22,"509":22,"510":704,"511":704,"512":298,"513":298,"516":22,"517":22,"518":298,"520":22,"528":2,"529":2,"530":6,"531":6,"532":0,"534":6,"536":2,"548":20,"549":18,"550":16,"551":14,"553":12,"554":12,"555":11,"556":11,"558":1,"560":12,"561":12,"562":12,"566":37,"567":37,"568":5,"570":32,"603":22,"605":12,"606":12,"607":12,"610":12,"611":12,"612":12,"613":10,"616":10,"618":10,"639":10,"640":10,"641":2,"642":2,"644":2,"645":2,"648":2,"649":2,"651":2,"652":1,"654":1,"656":2,"657":2,"658":2,"675":6,"676":6,"677":6,"681":2,"683":2,"698":5,"699":1,"705":1,"722":28,"723":28,"724":28,"725":28,"727":28,"728":12,"731":16,"734":14,"738":14,"740":14,"741":0,"746":16,"755":165,"773":36,"781":18,"788":0,"789":0,"795":28,"796":28,"798":24,"799":5,"801":19,"802":3,"804":16,"805":0,"808":16,"821":22,"822":22,"823":22,"824":22,"825":22,"827":22,"831":1,"832":0,"833":0,"835":1,"836":1},"path":"/Users/sherazarshad/Documents/Clients/iFunded/security-token-version-2/contracts/ERC/ERC1410/ERC1410.sol","s":{"1":2,"2":2,"3":2,"4":2,"5":2,"6":5,"7":5,"8":16,"9":40,"10":66,"11":5,"12":1,"13":1,"14":1,"15":1,"16":1,"17":1,"18":2,"19":2,"20":1,"21":1,"22":19,"23":9,"24":13,"25":6,"26":5,"27":5,"28":5,"29":1,"30":0,"31":0,"32":0,"33":2,"34":13,"35":11,"36":11,"37":0,"38":10,"39":10,"40":14,"41":10,"42":5,"43":8,"44":8,"45":4,"46":0,"47":2,"48":2,"49":2,"50":2,"51":3,"52":1,"53":1,"54":1,"55":3,"56":41,"57":22,"58":22,"59":22,"60":704,"61":704,"62":298,"63":22,"64":22,"65":298,"66":22,"67":2,"68":2,"69":6,"70":6,"71":0,"72":6,"73":2,"74":20,"75":18,"76":16,"77":14,"78":12,"79":12,"80":11,"81":1,"82":12,"83":12,"84":12,"85":37,"86":0,"87":37,"88":5,"89":32,"90":22,"91":12,"92":12,"93":12,"94":12,"95":12,"96":12,"97":10,"98":10,"99":10,"100":10,"101":10,"102":2,"103":2,"104":2,"105":2,"106":2,"107":2,"108":2,"109":1,"110":1,"111":2,"112":2,"113":2,"114":6,"115":6,"116":6,"117":2,"118":2,"119":5,"120":1,"121":1,"122":28,"123":28,"124":12,"125":16,"126":14,"127":0,"128":14,"129":14,"130":0,"131":16,"132":165,"133":36,"134":18,"135":0,"136":0,"137":28,"138":0,"139":28,"140":4,"141":24,"142":5,"143":19,"144":3,"145":16,"146":0,"147":16,"148":22,"149":22,"150":22,"151":1,"152":0,"153":0},"b":{"1":[2,0],"2":[2,0],"3":[2,0],"4":[5,0],"5":[5,0],"6":[6,10],"7":[40,0],"8":[64,2],"9":[5,0],"10":[11,0],"11":[2,0],"12":[2,0],"13":[1,2],"14":[1,0],"15":[298,406],"16":[0,6],"17":[18,2],"18":[16,2],"19":[14,2],"20":[12,2],"21":[11,1],"22":[0,37],"23":[5,32],"24":[12,0],"25":[10,0],"26":[2,8],"27":[2,0],"28":[2,0],"29":[2,0],"30":[2,0],"31":[2,0],"32":[1,1],"33":[6,0],"34":[6,0],"35":[2,4],"36":[1,4],"37":[1,0],"38":[12,16],"39":[14,2],"40":[0,14],"41":[0,14],"42":[0,0],"43":[0,28],"44":[4,24],"45":[5,19],"46":[3,16],"47":[0,16],"48":[12,10],"49":[0,1]},"f":{"1":2,"2":5,"3":16,"4":40,"5":66,"6":5,"7":1,"8":1,"9":1,"10":2,"11":1,"12":19,"13":9,"14":13,"15":6,"16":5,"17":5,"18":0,"19":2,"20":13,"21":11,"22":10,"23":5,"24":8,"25":8,"26":4,"27":0,"28":2,"29":3,"30":3,"31":41,"32":22,"33":2,"34":20,"35":37,"36":22,"37":10,"38":6,"39":5,"40":28,"41":165,"42":36,"43":18,"44":0,"45":28,"46":22,"47":1},"fnMap":{"1":{"name":"constructor","line":101,"loc":{"start":{"line":101,"column":4},"end":{"line":101,"column":97}}},"2":{"name":"onlyController","line":114,"loc":{"start":{"line":114,"column":4},"end":{"line":114,"column":39}}},"3":{"name":"onlyIfControllable","line":120,"loc":{"start":{"line":120,"column":4},"end":{"line":120,"column":31}}},"4":{"name":"onlyIfIssuanceEnabled","line":126,"loc":{"start":{"line":126,"column":4},"end":{"line":126,"column":34}}},"5":{"name":"onlyIfNotPaused","line":132,"loc":{"start":{"line":132,"column":4},"end":{"line":132,"column":28}}},"6":{"name":"validOperatorAddressOnly","line":141,"loc":{"start":{"line":141,"column":4},"end":{"line":141,"column":53}}},"7":{"name":"finalizeControllable","line":149,"loc":{"start":{"line":149,"column":4},"end":{"line":149,"column":71}}},"8":{"name":"authorizeOperator","line":161,"loc":{"start":{"line":161,"column":4},"end":{"line":161,"column":90}}},"9":{"name":"revokeOperator","line":170,"loc":{"start":{"line":170,"column":4},"end":{"line":170,"column":87}}},"10":{"name":"authorizeOperatorByPartition","line":180,"loc":{"start":{"line":180,"column":4},"end":{"line":181,"column":40}}},"11":{"name":"revokeOperatorByPartition","line":192,"loc":{"start":{"line":192,"column":4},"end":{"line":193,"column":40}}},"12":{"name":"issueByPartition","line":205,"loc":{"start":{"line":205,"column":4},"end":{"line":206,"column":27}}},"13":{"name":"redeemByPartition","line":216,"loc":{"start":{"line":216,"column":4},"end":{"line":216,"column":92}}},"14":{"name":"transferByPartition","line":228,"loc":{"start":{"line":228,"column":4},"end":{"line":229,"column":23}}},"15":{"name":"operatorTransferByPartition","line":243,"loc":{"start":{"line":243,"column":4},"end":{"line":251,"column":32}}},"16":{"name":"operatorRedeemByPartition","line":263,"loc":{"start":{"line":263,"column":4},"end":{"line":269,"column":14}}},"17":{"name":"controllerTransfer","line":287,"loc":{"start":{"line":287,"column":4},"end":{"line":294,"column":60}}},"18":{"name":"controllerRedeem","line":317,"loc":{"start":{"line":317,"column":4},"end":{"line":323,"column":60}}},"19":{"name":"isControllable","line":344,"loc":{"start":{"line":344,"column":4},"end":{"line":344,"column":56}}},"20":{"name":"balanceOf","line":353,"loc":{"start":{"line":353,"column":4},"end":{"line":353,"column":66}}},"21":{"name":"balanceOfByPartition","line":363,"loc":{"start":{"line":363,"column":4},"end":{"line":363,"column":96}}},"22":{"name":"partitionsOf","line":375,"loc":{"start":{"line":375,"column":4},"end":{"line":375,"column":78}}},"23":{"name":"totalSupply","line":386,"loc":{"start":{"line":386,"column":4},"end":{"line":386,"column":56}}},"24":{"name":"isOperator","line":396,"loc":{"start":{"line":396,"column":4},"end":{"line":396,"column":89}}},"25":{"name":"isOperatorForPartition","line":407,"loc":{"start":{"line":407,"column":4},"end":{"line":408,"column":20}}},"26":{"name":"canTransferByPartition","line":424,"loc":{"start":{"line":424,"column":4},"end":{"line":425,"column":52}}},"27":{"name":"isController","line":433,"loc":{"start":{"line":433,"column":4},"end":{"line":433,"column":64}}},"28":{"name":"pause","line":440,"loc":{"start":{"line":440,"column":4},"end":{"line":440,"column":25}}},"29":{"name":"unPause","line":450,"loc":{"start":{"line":450,"column":4},"end":{"line":450,"column":27}}},"30":{"name":"isPaused","line":461,"loc":{"start":{"line":461,"column":4},"end":{"line":461,"column":48}}},"31":{"name":"_isIssuable","line":502,"loc":{"start":{"line":502,"column":4},"end":{"line":502,"column":53}}},"32":{"name":"bytes32ToString","line":506,"loc":{"start":{"line":506,"column":4},"end":{"line":506,"column":75}}},"33":{"name":"toUpper","line":527,"loc":{"start":{"line":527,"column":4},"end":{"line":527,"column":76}}},"34":{"name":"_issueByPartition","line":546,"loc":{"start":{"line":546,"column":4},"end":{"line":547,"column":65}}},"35":{"name":"_isValidPartition","line":565,"loc":{"start":{"line":565,"column":4},"end":{"line":565,"column":89}}},"36":{"name":"_transferByPartition","line":591,"loc":{"start":{"line":591,"column":4},"end":{"line":602,"column":23}}},"37":{"name":"_redeemByPartition","line":630,"loc":{"start":{"line":630,"column":4},"end":{"line":638,"column":43}}},"38":{"name":"_operatorTransferByPartition","line":671,"loc":{"start":{"line":671,"column":4},"end":{"line":674,"column":50}}},"39":{"name":"_operatorRedeemByPartition","line":694,"loc":{"start":{"line":694,"column":4},"end":{"line":697,"column":32}}},"40":{"name":"_canTransferByPartition","line":720,"loc":{"start":{"line":720,"column":4},"end":{"line":721,"column":52}}},"41":{"name":"isSafeAddress","line":754,"loc":{"start":{"line":754,"column":4},"end":{"line":754,"column":67}}},"42":{"name":"_isControllable","line":772,"loc":{"start":{"line":772,"column":4},"end":{"line":772,"column":56}}},"43":{"name":"_isController","line":780,"loc":{"start":{"line":780,"column":4},"end":{"line":780,"column":66}}},"44":{"name":"_freezeMinting","line":787,"loc":{"start":{"line":787,"column":4},"end":{"line":787,"column":57}}},"45":{"name":"_runBasicValidations","line":792,"loc":{"start":{"line":792,"column":4},"end":{"line":793,"column":51}}},"46":{"name":"requireValidTransfer","line":819,"loc":{"start":{"line":819,"column":4},"end":{"line":820,"column":18}}},"47":{"name":"_deletePartitionForHolder","line":830,"loc":{"start":{"line":830,"column":4},"end":{"line":830,"column":94}}}},"statementMap":{"1":{"start":{"line":105,"column":8},"end":{"line":105,"column":90}},"2":{"start":{"line":106,"column":8},"end":{"line":106,"column":94}},"3":{"start":{"line":107,"column":8},"end":{"line":107,"column":74}},"4":{"start":{"line":108,"column":8},"end":{"line":108,"column":42}},"5":{"start":{"line":110,"column":8},"end":{"line":110,"column":37}},"6":{"start":{"line":115,"column":8},"end":{"line":115,"column":65}},"7":{"start":{"line":116,"column":8},"end":{"line":116,"column":99}},"8":{"start":{"line":121,"column":8},"end":{"line":121,"column":75}},"9":{"start":{"line":127,"column":8},"end":{"line":127,"column":108}},"10":{"start":{"line":133,"column":8},"end":{"line":133,"column":52}},"11":{"start":{"line":142,"column":8},"end":{"line":142,"column":67}},"12":{"start":{"line":151,"column":8},"end":{"line":151,"column":40}},"13":{"start":{"line":154,"column":8},"end":{"line":154,"column":41}},"14":{"start":{"line":162,"column":8},"end":{"line":162,"column":46}},"15":{"start":{"line":163,"column":8},"end":{"line":163,"column":53}},"16":{"start":{"line":171,"column":8},"end":{"line":171,"column":47}},"17":{"start":{"line":172,"column":8},"end":{"line":172,"column":50}},"18":{"start":{"line":182,"column":8},"end":{"line":182,"column":66}},"19":{"start":{"line":183,"column":8},"end":{"line":183,"column":75}},"20":{"start":{"line":194,"column":8},"end":{"line":194,"column":67}},"21":{"start":{"line":195,"column":8},"end":{"line":195,"column":72}},"22":{"start":{"line":207,"column":8},"end":{"line":207,"column":61}},"23":{"start":{"line":217,"column":8},"end":{"line":217,"column":79}},"24":{"start":{"line":230,"column":8},"end":{"line":230,"column":93}},"25":{"start":{"line":252,"column":8},"end":{"line":252,"column":91}},"26":{"start":{"line":270,"column":8},"end":{"line":270,"column":84}},"27":{"start":{"line":297,"column":8},"end":{"line":297,"column":36}},"28":{"start":{"line":298,"column":8},"end":{"line":298,"column":93}},"29":{"start":{"line":301,"column":8},"end":{"line":301,"column":80}},"30":{"start":{"line":325,"column":8},"end":{"line":325,"column":36}},"31":{"start":{"line":327,"column":8},"end":{"line":327,"column":94}},"32":{"start":{"line":330,"column":8},"end":{"line":330,"column":85}},"33":{"start":{"line":345,"column":8},"end":{"line":345,"column":32}},"34":{"start":{"line":354,"column":8},"end":{"line":354,"column":30}},"35":{"start":{"line":364,"column":8},"end":{"line":364,"column":15885}},"36":{"start":{"line":365,"column":12},"end":{"line":365,"column":83}},"37":{"start":{"line":367,"column":12},"end":{"line":367,"column":20}},"38":{"start":{"line":376,"column":8},"end":{"line":376,"column":80}},"39":{"start":{"line":377,"column":8},"end":{"line":377,"column":16410}},"40":{"start":{"line":378,"column":12},"end":{"line":378,"column":61}},"41":{"start":{"line":380,"column":8},"end":{"line":380,"column":29}},"42":{"start":{"line":387,"column":8},"end":{"line":387,"column":27}},"43":{"start":{"line":397,"column":8},"end":{"line":397,"column":48}},"44":{"start":{"line":409,"column":8},"end":{"line":409,"column":68}},"45":{"start":{"line":426,"column":8},"end":{"line":426,"column":72}},"46":{"start":{"line":434,"column":8},"end":{"line":434,"column":34}},"47":{"start":{"line":441,"column":8},"end":{"line":441,"column":109}},"48":{"start":{"line":442,"column":8},"end":{"line":442,"column":59}},"49":{"start":{"line":443,"column":8},"end":{"line":443,"column":21}},"50":{"start":{"line":444,"column":8},"end":{"line":444,"column":31}},"51":{"start":{"line":451,"column":8},"end":{"line":451,"column":111}},"52":{"start":{"line":452,"column":8},"end":{"line":452,"column":60}},"53":{"start":{"line":453,"column":8},"end":{"line":453,"column":22}},"54":{"start":{"line":454,"column":8},"end":{"line":454,"column":33}},"55":{"start":{"line":462,"column":8},"end":{"line":462,"column":22}},"56":{"start":{"line":503,"column":8},"end":{"line":503,"column":32}},"57":{"start":{"line":507,"column":8},"end":{"line":507,"column":47}},"58":{"start":{"line":508,"column":8},"end":{"line":508,"column":25}},"59":{"start":{"line":509,"column":8},"end":{"line":509,"column":21947}},"60":{"start":{"line":510,"column":12},"end":{"line":510,"column":60}},"61":{"start":{"line":511,"column":12},"end":{"line":511,"column":22058}},"62":{"start":{"line":512,"column":16},"end":{"line":512,"column":44}},"63":{"start":{"line":516,"column":8},"end":{"line":516,"column":61}},"64":{"start":{"line":517,"column":8},"end":{"line":517,"column":22243}},"65":{"start":{"line":518,"column":12},"end":{"line":518,"column":49}},"66":{"start":{"line":520,"column":8},"end":{"line":520,"column":41}},"67":{"start":{"line":528,"column":8},"end":{"line":528,"column":44}},"68":{"start":{"line":529,"column":8},"end":{"line":529,"column":22625}},"69":{"start":{"line":530,"column":12},"end":{"line":530,"column":36}},"70":{"start":{"line":531,"column":12},"end":{"line":531,"column":22727}},"71":{"start":{"line":532,"column":16},"end":{"line":532,"column":40}},"72":{"start":{"line":534,"column":12},"end":{"line":534,"column":29}},"73":{"start":{"line":536,"column":8},"end":{"line":536,"column":33}},"74":{"start":{"line":548,"column":8},"end":{"line":548,"column":61}},"75":{"start":{"line":549,"column":8},"end":{"line":549,"column":68}},"76":{"start":{"line":550,"column":8},"end":{"line":550,"column":66}},"77":{"start":{"line":551,"column":8},"end":{"line":551,"column":102}},"78":{"start":{"line":553,"column":8},"end":{"line":553,"column":64}},"79":{"start":{"line":554,"column":8},"end":{"line":554,"column":23871}},"80":{"start":{"line":556,"column":12},"end":{"line":556,"column":86}},"81":{"start":{"line":558,"column":12},"end":{"line":558,"column":109}},"82":{"start":{"line":560,"column":8},"end":{"line":560,"column":45}},"83":{"start":{"line":561,"column":8},"end":{"line":561,"column":65}},"84":{"start":{"line":562,"column":8},"end":{"line":562,"column":67}},"85":{"start":{"line":566,"column":8},"end":{"line":566,"column":50}},"86":{"start":{"line":566,"column":36},"end":{"line":566,"column":48}},"87":{"start":{"line":567,"column":8},"end":{"line":567,"column":24550}},"88":{"start":{"line":568,"column":12},"end":{"line":568,"column":24}},"89":{"start":{"line":570,"column":12},"end":{"line":570,"column":23}},"90":{"start":{"line":603,"column":8},"end":{"line":603,"column":61}},"91":{"start":{"line":605,"column":8},"end":{"line":605,"column":113}},"92":{"start":{"line":606,"column":8},"end":{"line":606,"column":65}},"93":{"start":{"line":607,"column":8},"end":{"line":607,"column":61}},"94":{"start":{"line":610,"column":8},"end":{"line":610,"column":91}},"95":{"start":{"line":611,"column":8},"end":{"line":611,"column":51}},"96":{"start":{"line":612,"column":8},"end":{"line":612,"column":83}},"97":{"start":{"line":613,"column":8},"end":{"line":613,"column":47}},"98":{"start":{"line":616,"column":8},"end":{"line":616,"column":90}},"99":{"start":{"line":618,"column":8},"end":{"line":618,"column":24}},"100":{"start":{"line":639,"column":8},"end":{"line":639,"column":59}},"101":{"start":{"line":640,"column":8},"end":{"line":640,"column":61}},"102":{"start":{"line":641,"column":8},"end":{"line":641,"column":68}},"103":{"start":{"line":642,"column":8},"end":{"line":642,"column":71}},"104":{"start":{"line":644,"column":8},"end":{"line":644,"column":27918}},"105":{"start":{"line":645,"column":12},"end":{"line":645,"column":108}},"106":{"start":{"line":648,"column":8},"end":{"line":648,"column":61}},"107":{"start":{"line":649,"column":8},"end":{"line":649,"column":78}},"108":{"start":{"line":651,"column":8},"end":{"line":651,"column":28228}},"109":{"start":{"line":652,"column":12},"end":{"line":652,"column":60}},"110":{"start":{"line":654,"column":12},"end":{"line":654,"column":87}},"111":{"start":{"line":656,"column":8},"end":{"line":656,"column":51}},"112":{"start":{"line":657,"column":8},"end":{"line":657,"column":45}},"113":{"start":{"line":658,"column":8},"end":{"line":658,"column":86}},"114":{"start":{"line":675,"column":8},"end":{"line":675,"column":61}},"115":{"start":{"line":676,"column":8},"end":{"line":676,"column":59}},"116":{"start":{"line":677,"column":8},"end":{"line":677,"column":29652}},"117":{"start":{"line":681,"column":8},"end":{"line":681,"column":87}},"118":{"start":{"line":683,"column":8},"end":{"line":683,"column":24}},"119":{"start":{"line":698,"column":8},"end":{"line":698,"column":66}},"120":{"start":{"line":699,"column":8},"end":{"line":699,"column":30719}},"121":{"start":{"line":705,"column":8},"end":{"line":705,"column":88}},"122":{"start":{"line":725,"column":8},"end":{"line":725,"column":106}},"123":{"start":{"line":727,"column":8},"end":{"line":727,"column":32162}},"124":{"start":{"line":728,"column":12},"end":{"line":728,"column":61}},"125":{"start":{"line":731,"column":8},"end":{"line":731,"column":32307}},"126":{"start":{"line":734,"column":12},"end":{"line":734,"column":108}},"127":{"start":{"line":734,"column":27},"end":{"line":734,"column":106}},"128":{"start":{"line":738,"column":12},"end":{"line":738,"column":91}},"129":{"start":{"line":740,"column":12},"end":{"line":740,"column":32863}},"130":{"start":{"line":741,"column":16},"end":{"line":741,"column":65}},"131":{"start":{"line":746,"column":8},"end":{"line":746,"column":72}},"132":{"start":{"line":755,"column":8},"end":{"line":755,"column":66}},"133":{"start":{"line":773,"column":8},"end":{"line":773,"column":49}},"134":{"start":{"line":781,"column":8},"end":{"line":781,"column":87}},"135":{"start":{"line":788,"column":8},"end":{"line":788,"column":112}},"136":{"start":{"line":789,"column":8},"end":{"line":789,"column":30}},"137":{"start":{"line":795,"column":8},"end":{"line":795,"column":83}},"138":{"start":{"line":795,"column":36},"end":{"line":795,"column":81}},"139":{"start":{"line":796,"column":8},"end":{"line":796,"column":83}},"140":{"start":{"line":796,"column":34},"end":{"line":796,"column":81}},"141":{"start":{"line":798,"column":8},"end":{"line":798,"column":35542}},"142":{"start":{"line":799,"column":12},"end":{"line":799,"column":96}},"143":{"start":{"line":801,"column":8},"end":{"line":801,"column":35704}},"144":{"start":{"line":802,"column":12},"end":{"line":802,"column":94}},"145":{"start":{"line":804,"column":8},"end":{"line":804,"column":35901}},"146":{"start":{"line":805,"column":12},"end":{"line":805,"column":76}},"147":{"start":{"line":808,"column":8},"end":{"line":808,"column":72}},"148":{"start":{"line":824,"column":8},"end":{"line":824,"column":115}},"149":{"start":{"line":825,"column":8},"end":{"line":825,"column":79}},"150":{"start":{"line":827,"column":8},"end":{"line":827,"column":48}},"151":{"start":{"line":831,"column":8},"end":{"line":831,"column":37217}},"152":{"start":{"line":832,"column":12},"end":{"line":832,"column":91}},"153":{"start":{"line":833,"column":12},"end":{"line":833,"column":86}}},"branchMap":{"1":{"line":105,"type":"if","locations":[{"start":{"line":105,"column":8},"end":{"line":105,"column":8}},{"start":{"line":105,"column":8},"end":{"line":105,"column":8}}]},"2":{"line":106,"type":"if","locations":[{"start":{"line":106,"column":8},"end":{"line":106,"column":8}},{"start":{"line":106,"column":8},"end":{"line":106,"column":8}}]},"3":{"line":107,"type":"if","locations":[{"start":{"line":107,"column":8},"end":{"line":107,"column":8}},{"start":{"line":107,"column":8},"end":{"line":107,"column":8}}]},"4":{"line":115,"type":"if","locations":[{"start":{"line":115,"column":8},"end":{"line":115,"column":8}},{"start":{"line":115,"column":8},"end":{"line":115,"column":8}}]},"5":{"line":116,"type":"if","locations":[{"start":{"line":116,"column":8},"end":{"line":116,"column":8}},{"start":{"line":116,"column":8},"end":{"line":116,"column":8}}]},"6":{"line":121,"type":"if","locations":[{"start":{"line":121,"column":8},"end":{"line":121,"column":8}},{"start":{"line":121,"column":8},"end":{"line":121,"column":8}}]},"7":{"line":127,"type":"if","locations":[{"start":{"line":127,"column":8},"end":{"line":127,"column":8}},{"start":{"line":127,"column":8},"end":{"line":127,"column":8}}]},"8":{"line":133,"type":"if","locations":[{"start":{"line":133,"column":8},"end":{"line":133,"column":8}},{"start":{"line":133,"column":8},"end":{"line":133,"column":8}}]},"9":{"line":142,"type":"if","locations":[{"start":{"line":142,"column":8},"end":{"line":142,"column":8}},{"start":{"line":142,"column":8},"end":{"line":142,"column":8}}]},"10":{"line":364,"type":"if","locations":[{"start":{"line":364,"column":8},"end":{"line":364,"column":8}},{"start":{"line":364,"column":8},"end":{"line":364,"column":8}}]},"11":{"line":441,"type":"if","locations":[{"start":{"line":441,"column":8},"end":{"line":441,"column":8}},{"start":{"line":441,"column":8},"end":{"line":441,"column":8}}]},"12":{"line":442,"type":"if","locations":[{"start":{"line":442,"column":8},"end":{"line":442,"column":8}},{"start":{"line":442,"column":8},"end":{"line":442,"column":8}}]},"13":{"line":451,"type":"if","locations":[{"start":{"line":451,"column":8},"end":{"line":451,"column":8}},{"start":{"line":451,"column":8},"end":{"line":451,"column":8}}]},"14":{"line":452,"type":"if","locations":[{"start":{"line":452,"column":8},"end":{"line":452,"column":8}},{"start":{"line":452,"column":8},"end":{"line":452,"column":8}}]},"15":{"line":511,"type":"if","locations":[{"start":{"line":511,"column":12},"end":{"line":511,"column":12}},{"start":{"line":511,"column":12},"end":{"line":511,"column":12}}]},"16":{"line":531,"type":"if","locations":[{"start":{"line":531,"column":12},"end":{"line":531,"column":12}},{"start":{"line":531,"column":12},"end":{"line":531,"column":12}}]},"17":{"line":548,"type":"if","locations":[{"start":{"line":548,"column":8},"end":{"line":548,"column":8}},{"start":{"line":548,"column":8},"end":{"line":548,"column":8}}]},"18":{"line":549,"type":"if","locations":[{"start":{"line":549,"column":8},"end":{"line":549,"column":8}},{"start":{"line":549,"column":8},"end":{"line":549,"column":8}}]},"19":{"line":550,"type":"if","locations":[{"start":{"line":550,"column":8},"end":{"line":550,"column":8}},{"start":{"line":550,"column":8},"end":{"line":550,"column":8}}]},"20":{"line":551,"type":"if","locations":[{"start":{"line":551,"column":8},"end":{"line":551,"column":8}},{"start":{"line":551,"column":8},"end":{"line":551,"column":8}}]},"21":{"line":554,"type":"if","locations":[{"start":{"line":554,"column":8},"end":{"line":554,"column":8}},{"start":{"line":554,"column":8},"end":{"line":554,"column":8}}]},"22":{"line":566,"type":"if","locations":[{"start":{"line":566,"column":8},"end":{"line":566,"column":8}},{"start":{"line":566,"column":8},"end":{"line":566,"column":8}}]},"23":{"line":567,"type":"if","locations":[{"start":{"line":567,"column":8},"end":{"line":567,"column":8}},{"start":{"line":567,"column":8},"end":{"line":567,"column":8}}]},"24":{"line":605,"type":"if","locations":[{"start":{"line":605,"column":8},"end":{"line":605,"column":8}},{"start":{"line":605,"column":8},"end":{"line":605,"column":8}}]},"25":{"line":639,"type":"if","locations":[{"start":{"line":639,"column":8},"end":{"line":639,"column":8}},{"start":{"line":639,"column":8},"end":{"line":639,"column":8}}]},"26":{"line":640,"type":"if","locations":[{"start":{"line":640,"column":8},"end":{"line":640,"column":8}},{"start":{"line":640,"column":8},"end":{"line":640,"column":8}}]},"27":{"line":641,"type":"if","locations":[{"start":{"line":641,"column":8},"end":{"line":641,"column":8}},{"start":{"line":641,"column":8},"end":{"line":641,"column":8}}]},"28":{"line":642,"type":"if","locations":[{"start":{"line":642,"column":8},"end":{"line":642,"column":8}},{"start":{"line":642,"column":8},"end":{"line":642,"column":8}}]},"29":{"line":644,"type":"if","locations":[{"start":{"line":644,"column":8},"end":{"line":644,"column":8}},{"start":{"line":644,"column":8},"end":{"line":644,"column":8}}]},"30":{"line":645,"type":"if","locations":[{"start":{"line":645,"column":12},"end":{"line":645,"column":12}},{"start":{"line":645,"column":12},"end":{"line":645,"column":12}}]},"31":{"line":649,"type":"if","locations":[{"start":{"line":649,"column":8},"end":{"line":649,"column":8}},{"start":{"line":649,"column":8},"end":{"line":649,"column":8}}]},"32":{"line":651,"type":"if","locations":[{"start":{"line":651,"column":8},"end":{"line":651,"column":8}},{"start":{"line":651,"column":8},"end":{"line":651,"column":8}}]},"33":{"line":675,"type":"if","locations":[{"start":{"line":675,"column":8},"end":{"line":675,"column":8}},{"start":{"line":675,"column":8},"end":{"line":675,"column":8}}]},"34":{"line":676,"type":"if","locations":[{"start":{"line":676,"column":8},"end":{"line":676,"column":8}},{"start":{"line":676,"column":8},"end":{"line":676,"column":8}}]},"35":{"line":677,"type":"if","locations":[{"start":{"line":677,"column":8},"end":{"line":677,"column":8}},{"start":{"line":677,"column":8},"end":{"line":677,"column":8}}]},"36":{"line":698,"type":"if","locations":[{"start":{"line":698,"column":8},"end":{"line":698,"column":8}},{"start":{"line":698,"column":8},"end":{"line":698,"column":8}}]},"37":{"line":699,"type":"if","locations":[{"start":{"line":699,"column":8},"end":{"line":699,"column":8}},{"start":{"line":699,"column":8},"end":{"line":699,"column":8}}]},"38":{"line":727,"type":"if","locations":[{"start":{"line":727,"column":8},"end":{"line":727,"column":8}},{"start":{"line":727,"column":8},"end":{"line":727,"column":8}}]},"39":{"line":731,"type":"if","locations":[{"start":{"line":731,"column":8},"end":{"line":731,"column":8}},{"start":{"line":731,"column":8},"end":{"line":731,"column":8}}]},"40":{"line":734,"type":"if","locations":[{"start":{"line":734,"column":12},"end":{"line":734,"column":12}},{"start":{"line":734,"column":12},"end":{"line":734,"column":12}}]},"41":{"line":740,"type":"if","locations":[{"start":{"line":740,"column":12},"end":{"line":740,"column":12}},{"start":{"line":740,"column":12},"end":{"line":740,"column":12}}]},"42":{"line":788,"type":"if","locations":[{"start":{"line":788,"column":8},"end":{"line":788,"column":8}},{"start":{"line":788,"column":8},"end":{"line":788,"column":8}}]},"43":{"line":795,"type":"if","locations":[{"start":{"line":795,"column":8},"end":{"line":795,"column":8}},{"start":{"line":795,"column":8},"end":{"line":795,"column":8}}]},"44":{"line":796,"type":"if","locations":[{"start":{"line":796,"column":8},"end":{"line":796,"column":8}},{"start":{"line":796,"column":8},"end":{"line":796,"column":8}}]},"45":{"line":798,"type":"if","locations":[{"start":{"line":798,"column":8},"end":{"line":798,"column":8}},{"start":{"line":798,"column":8},"end":{"line":798,"column":8}}]},"46":{"line":801,"type":"if","locations":[{"start":{"line":801,"column":8},"end":{"line":801,"column":8}},{"start":{"line":801,"column":8},"end":{"line":801,"column":8}}]},"47":{"line":804,"type":"if","locations":[{"start":{"line":804,"column":8},"end":{"line":804,"column":8}},{"start":{"line":804,"column":8},"end":{"line":804,"column":8}}]},"48":{"line":827,"type":"if","locations":[{"start":{"line":827,"column":8},"end":{"line":827,"column":8}},{"start":{"line":827,"column":8},"end":{"line":827,"column":8}}]},"49":{"line":831,"type":"if","locations":[{"start":{"line":831,"column":8},"end":{"line":831,"column":8}},{"start":{"line":831,"column":8},"end":{"line":831,"column":8}}]}}},"contracts/ERC/ERC1410/IERC1410.sol":{"l":{},"path":"/Users/sherazarshad/Documents/Clients/iFunded/security-token-version-2/contracts/ERC/ERC1410/IERC1410.sol","s":{},"b":{},"f":{},"fnMap":{},"statementMap":{},"branchMap":{}},"contracts/ERC/ERC1594/IERC1594.sol":{"l":{},"path":"/Users/sherazarshad/Documents/Clients/iFunded/security-token-version-2/contracts/ERC/ERC1594/IERC1594.sol","s":{},"b":{},"f":{},"fnMap":{},"statementMap":{},"branchMap":{}},"contracts/ERC/ERC1643/ERC1643.sol":{"l":{"42":7,"43":5,"44":5,"45":4,"46":4,"48":5,"49":5,"58":5,"59":3,"60":3,"61":1,"62":1,"64":3,"65":3,"66":3,"77":3,"89":8},"path":"/Users/sherazarshad/Documents/Clients/iFunded/security-token-version-2/contracts/ERC/ERC1643/ERC1643.sol","s":{"1":7,"2":5,"3":5,"4":4,"5":5,"6":5,"7":5,"8":3,"9":3,"10":1,"11":1,"12":3,"13":3,"14":8},"b":{"1":[5,2],"2":[5,0],"3":[4,1],"4":[3,2],"5":[1,2]},"f":{"1":2,"2":7,"3":5,"4":3,"5":8},"fnMap":{"1":{"name":"constructor","line":30,"loc":{"start":{"line":30,"column":4},"end":{"line":30,"column":65}}},"2":{"name":"setDocument","line":41,"loc":{"start":{"line":41,"column":4},"end":{"line":41,"column":101}}},"3":{"name":"removeDocument","line":57,"loc":{"start":{"line":57,"column":4},"end":{"line":57,"column":59}}},"4":{"name":"getDocument","line":76,"loc":{"start":{"line":76,"column":4},"end":{"line":76,"column":93}}},"5":{"name":"getAllDocuments","line":88,"loc":{"start":{"line":88,"column":4},"end":{"line":88,"column":69}}}},"statementMap":{"1":{"start":{"line":42,"column":8},"end":{"line":42,"column":64}},"2":{"start":{"line":43,"column":8},"end":{"line":43,"column":67}},"3":{"start":{"line":44,"column":8},"end":{"line":44,"column":1688}},"4":{"start":{"line":46,"column":12},"end":{"line":46,"column":48}},"5":{"start":{"line":48,"column":8},"end":{"line":48,"column":61}},"6":{"start":{"line":49,"column":8},"end":{"line":49,"column":56}},"7":{"start":{"line":58,"column":8},"end":{"line":58,"column":90}},"8":{"start":{"line":59,"column":8},"end":{"line":59,"column":45}},"9":{"start":{"line":60,"column":8},"end":{"line":60,"column":2431}},"10":{"start":{"line":61,"column":12},"end":{"line":61,"column":61}},"11":{"start":{"line":62,"column":12},"end":{"line":62,"column":52}},"12":{"start":{"line":65,"column":8},"end":{"line":65,"column":85}},"13":{"start":{"line":77,"column":8},"end":{"line":77,"column":3210}},"14":{"start":{"line":89,"column":8},"end":{"line":89,"column":24}}},"branchMap":{"1":{"line":42,"type":"if","locations":[{"start":{"line":42,"column":8},"end":{"line":42,"column":8}},{"start":{"line":42,"column":8},"end":{"line":42,"column":8}}]},"2":{"line":43,"type":"if","locations":[{"start":{"line":43,"column":8},"end":{"line":43,"column":8}},{"start":{"line":43,"column":8},"end":{"line":43,"column":8}}]},"3":{"line":44,"type":"if","locations":[{"start":{"line":44,"column":8},"end":{"line":44,"column":8}},{"start":{"line":44,"column":8},"end":{"line":44,"column":8}}]},"4":{"line":58,"type":"if","locations":[{"start":{"line":58,"column":8},"end":{"line":58,"column":8}},{"start":{"line":58,"column":8},"end":{"line":58,"column":8}}]},"5":{"line":60,"type":"if","locations":[{"start":{"line":60,"column":8},"end":{"line":60,"column":8}},{"start":{"line":60,"column":8},"end":{"line":60,"column":8}}]}}},"contracts/ERC/ERC1643/IERC1643.sol":{"l":{},"path":"/Users/sherazarshad/Documents/Clients/iFunded/security-token-version-2/contracts/ERC/ERC1643/IERC1643.sol","s":{},"b":{},"f":{},"fnMap":{},"statementMap":{},"branchMap":{}},"contracts/ERC/ERC1644/IERC1644.sol":{"l":{},"path":"/Users/sherazarshad/Documents/Clients/iFunded/security-token-version-2/contracts/ERC/ERC1644/IERC1644.sol","s":{},"b":{},"f":{},"fnMap":{},"statementMap":{},"branchMap":{}},"contracts/ERC/ERC20/IERC20.sol":{"l":{},"path":"/Users/sherazarshad/Documents/Clients/iFunded/security-token-version-2/contracts/ERC/ERC20/IERC20.sol","s":{},"b":{},"f":{},"fnMap":{},"statementMap":{},"branchMap":{}},"contracts/math/KindMath.sol":{"l":{"17":0,"18":0,"21":0,"22":0,"23":0,"25":0,"32":16,"33":16,"35":0,"42":16,"43":16,"44":0,"46":16},"path":"/Users/sherazarshad/Documents/Clients/iFunded/security-token-version-2/contracts/math/KindMath.sol","s":{"1":0,"2":0,"3":0,"4":0,"5":0,"6":0,"7":16,"8":16,"9":0,"10":16,"11":16,"12":0,"13":16},"b":{"1":[0,0],"2":[0,0],"3":[16,0],"4":[0,16]},"f":{"1":0,"2":16,"3":16},"fnMap":{"1":{"name":"checkMul","line":13,"loc":{"start":{"line":13,"column":4},"end":{"line":13,"column":70}}},"2":{"name":"checkSub","line":31,"loc":{"start":{"line":31,"column":4},"end":{"line":31,"column":70}}},"3":{"name":"checkAdd","line":41,"loc":{"start":{"line":41,"column":4},"end":{"line":41,"column":70}}}},"statementMap":{"1":{"start":{"line":17,"column":8},"end":{"line":17,"column":634}},"2":{"start":{"line":18,"column":12},"end":{"line":18,"column":23}},"3":{"start":{"line":21,"column":8},"end":{"line":21,"column":24}},"4":{"start":{"line":22,"column":8},"end":{"line":22,"column":735}},"5":{"start":{"line":23,"column":12},"end":{"line":23,"column":23}},"6":{"start":{"line":25,"column":12},"end":{"line":25,"column":24}},"7":{"start":{"line":32,"column":8},"end":{"line":32,"column":1026}},"8":{"start":{"line":33,"column":12},"end":{"line":33,"column":23}},"9":{"start":{"line":35,"column":12},"end":{"line":35,"column":24}},"10":{"start":{"line":42,"column":8},"end":{"line":42,"column":24}},"11":{"start":{"line":43,"column":8},"end":{"line":43,"column":1288}},"12":{"start":{"line":44,"column":12},"end":{"line":44,"column":24}},"13":{"start":{"line":46,"column":12},"end":{"line":46,"column":23}}},"branchMap":{"1":{"line":17,"type":"if","locations":[{"start":{"line":17,"column":8},"end":{"line":17,"column":8}},{"start":{"line":17,"column":8},"end":{"line":17,"column":8}}]},"2":{"line":22,"type":"if","locations":[{"start":{"line":22,"column":8},"end":{"line":22,"column":8}},{"start":{"line":22,"column":8},"end":{"line":22,"column":8}}]},"3":{"line":32,"type":"if","locations":[{"start":{"line":32,"column":8},"end":{"line":32,"column":8}},{"start":{"line":32,"column":8},"end":{"line":32,"column":8}}]},"4":{"line":43,"type":"if","locations":[{"start":{"line":43,"column":8},"end":{"line":43,"column":8}},{"start":{"line":43,"column":8},"end":{"line":43,"column":8}}]}}},"contracts/math/SafeMath.sol":{"l":{"15":0,"16":0,"19":0,"20":0,"22":0,"30":0,"31":0,"34":0,"41":31,"42":31,"44":31,"51":45,"52":45,"54":45,"62":0,"63":0},"path":"/Users/sherazarshad/Documents/Clients/iFunded/security-token-version-2/contracts/math/SafeMath.sol","s":{"1":0,"2":0,"3":0,"4":0,"5":0,"6":0,"7":0,"8":0,"9":31,"10":31,"11":31,"12":45,"13":45,"14":45,"15":0,"16":0},"b":{"1":[0,0],"2":[0,0],"3":[0,0],"4":[31,0],"5":[45,0],"6":[0,0]},"f":{"1":0,"2":0,"3":31,"4":45,"5":0},"fnMap":{"1":{"name":"mul","line":11,"loc":{"start":{"line":11,"column":4},"end":{"line":11,"column":68}}},"2":{"name":"div","line":28,"loc":{"start":{"line":28,"column":4},"end":{"line":28,"column":68}}},"3":{"name":"sub","line":40,"loc":{"start":{"line":40,"column":4},"end":{"line":40,"column":68}}},"4":{"name":"add","line":50,"loc":{"start":{"line":50,"column":4},"end":{"line":50,"column":68}}},"5":{"name":"mod","line":61,"loc":{"start":{"line":61,"column":4},"end":{"line":61,"column":68}}}},"statementMap":{"1":{"start":{"line":15,"column":8},"end":{"line":15,"column":532}},"2":{"start":{"line":16,"column":12},"end":{"line":16,"column":20}},"3":{"start":{"line":19,"column":8},"end":{"line":19,"column":24}},"4":{"start":{"line":20,"column":8},"end":{"line":20,"column":39}},"5":{"start":{"line":22,"column":8},"end":{"line":22,"column":16}},"6":{"start":{"line":30,"column":8},"end":{"line":30,"column":67}},"7":{"start":{"line":31,"column":8},"end":{"line":31,"column":24}},"8":{"start":{"line":34,"column":8},"end":{"line":34,"column":16}},"9":{"start":{"line":41,"column":8},"end":{"line":41,"column":43}},"10":{"start":{"line":42,"column":8},"end":{"line":42,"column":24}},"11":{"start":{"line":44,"column":8},"end":{"line":44,"column":16}},"12":{"start":{"line":51,"column":8},"end":{"line":51,"column":24}},"13":{"start":{"line":52,"column":8},"end":{"line":52,"column":43}},"14":{"start":{"line":54,"column":8},"end":{"line":54,"column":16}},"15":{"start":{"line":62,"column":8},"end":{"line":62,"column":43}},"16":{"start":{"line":63,"column":8},"end":{"line":63,"column":20}}},"branchMap":{"1":{"line":15,"type":"if","locations":[{"start":{"line":15,"column":8},"end":{"line":15,"column":8}},{"start":{"line":15,"column":8},"end":{"line":15,"column":8}}]},"2":{"line":20,"type":"if","locations":[{"start":{"line":20,"column":8},"end":{"line":20,"column":8}},{"start":{"line":20,"column":8},"end":{"line":20,"column":8}}]},"3":{"line":30,"type":"if","locations":[{"start":{"line":30,"column":8},"end":{"line":30,"column":8}},{"start":{"line":30,"column":8},"end":{"line":30,"column":8}}]},"4":{"line":41,"type":"if","locations":[{"start":{"line":41,"column":8},"end":{"line":41,"column":8}},{"start":{"line":41,"column":8},"end":{"line":41,"column":8}}]},"5":{"line":52,"type":"if","locations":[{"start":{"line":52,"column":8},"end":{"line":52,"column":8}},{"start":{"line":52,"column":8},"end":{"line":52,"column":8}}]},"6":{"line":62,"type":"if","locations":[{"start":{"line":62,"column":8},"end":{"line":62,"column":8}},{"start":{"line":62,"column":8},"end":{"line":62,"column":8}}]}}},"contracts/ownership/OwnableNonTransferable.sol":{"l":{"16":6,"17":6,"24":1,"31":12,"32":8,"39":17,"40":13,"47":30},"path":"/Users/sherazarshad/Documents/Clients/iFunded/security-token-version-2/contracts/ownership/OwnableNonTransferable.sol","s":{"1":6,"2":6,"3":1,"4":12,"5":17,"6":30},"b":{"1":[6,0],"2":[8,4],"3":[13,4]},"f":{"1":6,"2":1,"3":12,"4":17,"5":30},"fnMap":{"1":{"name":"constructor","line":15,"loc":{"start":{"line":15,"column":4},"end":{"line":15,"column":37}}},"2":{"name":"owner","line":23,"loc":{"start":{"line":23,"column":4},"end":{"line":23,"column":48}}},"3":{"name":"onlyContractOwner","line":30,"loc":{"start":{"line":30,"column":4},"end":{"line":30,"column":42}}},"4":{"name":"onlyOwner","line":38,"loc":{"start":{"line":38,"column":4},"end":{"line":38,"column":22}}},"5":{"name":"isOwner","line":46,"loc":{"start":{"line":46,"column":4},"end":{"line":46,"column":59}}}},"statementMap":{"1":{"start":{"line":16,"column":8},"end":{"line":16,"column":74}},"2":{"start":{"line":17,"column":8},"end":{"line":17,"column":20}},"3":{"start":{"line":24,"column":8},"end":{"line":24,"column":21}},"4":{"start":{"line":31,"column":8},"end":{"line":31,"column":97}},"5":{"start":{"line":39,"column":8},"end":{"line":39,"column":109}},"6":{"start":{"line":47,"column":8},"end":{"line":47,"column":29}}},"branchMap":{"1":{"line":16,"type":"if","locations":[{"start":{"line":16,"column":8},"end":{"line":16,"column":8}},{"start":{"line":16,"column":8},"end":{"line":16,"column":8}}]},"2":{"line":31,"type":"if","locations":[{"start":{"line":31,"column":8},"end":{"line":31,"column":8}},{"start":{"line":31,"column":8},"end":{"line":31,"column":8}}]},"3":{"line":39,"type":"if","locations":[{"start":{"line":39,"column":8},"end":{"line":39,"column":8}},{"start":{"line":39,"column":8},"end":{"line":39,"column":8}}]}}},"contracts/SecurityToken.sol":{"l":{"36":2,"45":7,"54":15,"63":3,"72":1,"94":14,"95":0,"99":14,"100":0,"103":14},"path":"/Users/sherazarshad/Documents/Clients/iFunded/security-token-version-2/contracts/SecurityToken.sol","s":{"1":2,"2":7,"3":15,"4":3,"5":1,"6":14,"7":0,"8":14,"9":0,"10":14},"b":{"1":[0,14],"2":[0,14]},"f":{"1":2,"2":7,"3":15,"4":3,"5":1,"6":14},"fnMap":{"1":{"name":"constructor","line":27,"loc":{"start":{"line":27,"column":4},"end":{"line":35,"column":86}}},"2":{"name":"canPause","line":44,"loc":{"start":{"line":44,"column":4},"end":{"line":44,"column":59}}},"3":{"name":"canIssue","line":53,"loc":{"start":{"line":53,"column":4},"end":{"line":53,"column":59}}},"4":{"name":"canRedeem","line":62,"loc":{"start":{"line":62,"column":4},"end":{"line":62,"column":60}}},"5":{"name":"canFreezeMinting","line":71,"loc":{"start":{"line":71,"column":4},"end":{"line":71,"column":67}}},"6":{"name":"_validateTokenTransfer","line":90,"loc":{"start":{"line":90,"column":4},"end":{"line":91,"column":43}}}},"statementMap":{"1":{"start":{"line":36,"column":8},"end":{"line":36,"column":73}},"2":{"start":{"line":45,"column":8},"end":{"line":45,"column":84}},"3":{"start":{"line":54,"column":8},"end":{"line":54,"column":84}},"4":{"start":{"line":63,"column":8},"end":{"line":63,"column":84}},"5":{"start":{"line":72,"column":8},"end":{"line":72,"column":84}},"6":{"start":{"line":94,"column":8},"end":{"line":94,"column":4095}},"7":{"start":{"line":95,"column":12},"end":{"line":95,"column":72}},"8":{"start":{"line":99,"column":8},"end":{"line":99,"column":4301}},"9":{"start":{"line":100,"column":12},"end":{"line":100,"column":74}},"10":{"start":{"line":103,"column":8},"end":{"line":103,"column":73}}},"branchMap":{"1":{"line":94,"type":"if","locations":[{"start":{"line":94,"column":8},"end":{"line":94,"column":8}},{"start":{"line":94,"column":8},"end":{"line":94,"column":8}}]},"2":{"line":99,"type":"if","locations":[{"start":{"line":99,"column":8},"end":{"line":99,"column":8}},{"start":{"line":99,"column":8},"end":{"line":99,"column":8}}]}}},"contracts/whitelists/FungibleWhitelist.sol":{"l":{"35":29,"37":25,"53":22,"54":22,"55":22,"57":20,"58":20,"72":1,"74":1,"75":1,"76":1,"93":1,"94":1,"96":1,"97":1,"99":1,"100":1,"101":1,"116":1,"118":1,"119":10,"141":12,"142":0,"144":12,"155":30},"path":"/Users/sherazarshad/Documents/Clients/iFunded/security-token-version-2/contracts/whitelists/FungibleWhitelist.sol","s":{"1":29,"2":22,"3":22,"4":22,"5":20,"6":20,"7":1,"8":1,"9":1,"10":1,"11":1,"12":1,"13":1,"14":1,"15":1,"16":1,"17":1,"18":1,"19":1,"20":12,"21":0,"22":12,"23":30},"b":{"1":[25,4],"2":[22,0],"3":[22,0],"4":[20,2],"5":[1,0],"6":[1,0],"7":[1,0],"8":[1,0],"9":[1,0],"10":[1,0],"11":[1,0],"12":[0,12]},"f":{"1":2,"2":29,"3":22,"4":1,"5":1,"6":1,"7":12,"8":30},"fnMap":{"1":{"name":"constructor","line":26,"loc":{"start":{"line":26,"column":4},"end":{"line":26,"column":65}}},"2":{"name":"onlyWhitelistOperator","line":34,"loc":{"start":{"line":34,"column":4},"end":{"line":34,"column":61}}},"3":{"name":"addVerified","line":50,"loc":{"start":{"line":50,"column":4},"end":{"line":52,"column":5}}},"4":{"name":"removeVerified","line":70,"loc":{"start":{"line":70,"column":4},"end":{"line":71,"column":5}}},"5":{"name":"updateVerified","line":90,"loc":{"start":{"line":90,"column":4},"end":{"line":92,"column":5}}},"6":{"name":"addVerifiedAsBulk","line":114,"loc":{"start":{"line":114,"column":4},"end":{"line":115,"column":51}}},"7":{"name":"hasHash","line":139,"loc":{"start":{"line":139,"column":4},"end":{"line":140,"column":5}}},"8":{"name":"isWhitelisted","line":154,"loc":{"start":{"line":154,"column":4},"end":{"line":154,"column":81}}}},"statementMap":{"1":{"start":{"line":35,"column":8},"end":{"line":35,"column":1249}},"2":{"start":{"line":53,"column":8},"end":{"line":53,"column":64}},"3":{"start":{"line":54,"column":8},"end":{"line":54,"column":72}},"4":{"start":{"line":55,"column":8},"end":{"line":55,"column":94}},"5":{"start":{"line":57,"column":8},"end":{"line":57,"column":36}},"6":{"start":{"line":58,"column":8},"end":{"line":58,"column":60}},"7":{"start":{"line":72,"column":8},"end":{"line":72,"column":64}},"8":{"start":{"line":74,"column":8},"end":{"line":74,"column":3126}},"9":{"start":{"line":75,"column":12},"end":{"line":75,"column":46}},"10":{"start":{"line":76,"column":12},"end":{"line":76,"column":60}},"11":{"start":{"line":93,"column":8},"end":{"line":93,"column":64}},"12":{"start":{"line":94,"column":8},"end":{"line":94,"column":72}},"13":{"start":{"line":96,"column":8},"end":{"line":96,"column":47}},"14":{"start":{"line":97,"column":8},"end":{"line":97,"column":68}},"15":{"start":{"line":99,"column":8},"end":{"line":99,"column":4392}},"16":{"start":{"line":100,"column":12},"end":{"line":100,"column":40}},"17":{"start":{"line":101,"column":12},"end":{"line":101,"column":75}},"18":{"start":{"line":116,"column":8},"end":{"line":116,"column":103}},"19":{"start":{"line":118,"column":8},"end":{"line":118,"column":5425}},"20":{"start":{"line":141,"column":8},"end":{"line":141,"column":6492}},"21":{"start":{"line":142,"column":12},"end":{"line":142,"column":24}},"22":{"start":{"line":144,"column":12},"end":{"line":144,"column":49}},"23":{"start":{"line":155,"column":8},"end":{"line":155,"column":51}}},"branchMap":{"1":{"line":35,"type":"if","locations":[{"start":{"line":35,"column":8},"end":{"line":35,"column":8}},{"start":{"line":35,"column":8},"end":{"line":35,"column":8}}]},"2":{"line":53,"type":"if","locations":[{"start":{"line":53,"column":8},"end":{"line":53,"column":8}},{"start":{"line":53,"column":8},"end":{"line":53,"column":8}}]},"3":{"line":54,"type":"if","locations":[{"start":{"line":54,"column":8},"end":{"line":54,"column":8}},{"start":{"line":54,"column":8},"end":{"line":54,"column":8}}]},"4":{"line":55,"type":"if","locations":[{"start":{"line":55,"column":8},"end":{"line":55,"column":8}},{"start":{"line":55,"column":8},"end":{"line":55,"column":8}}]},"5":{"line":72,"type":"if","locations":[{"start":{"line":72,"column":8},"end":{"line":72,"column":8}},{"start":{"line":72,"column":8},"end":{"line":72,"column":8}}]},"6":{"line":74,"type":"if","locations":[{"start":{"line":74,"column":8},"end":{"line":74,"column":8}},{"start":{"line":74,"column":8},"end":{"line":74,"column":8}}]},"7":{"line":93,"type":"if","locations":[{"start":{"line":93,"column":8},"end":{"line":93,"column":8}},{"start":{"line":93,"column":8},"end":{"line":93,"column":8}}]},"8":{"line":94,"type":"if","locations":[{"start":{"line":94,"column":8},"end":{"line":94,"column":8}},{"start":{"line":94,"column":8},"end":{"line":94,"column":8}}]},"9":{"line":97,"type":"if","locations":[{"start":{"line":97,"column":8},"end":{"line":97,"column":8}},{"start":{"line":97,"column":8},"end":{"line":97,"column":8}}]},"10":{"line":99,"type":"if","locations":[{"start":{"line":99,"column":8},"end":{"line":99,"column":8}},{"start":{"line":99,"column":8},"end":{"line":99,"column":8}}]},"11":{"line":116,"type":"if","locations":[{"start":{"line":116,"column":8},"end":{"line":116,"column":8}},{"start":{"line":116,"column":8},"end":{"line":116,"column":8}}]},"12":{"line":141,"type":"if","locations":[{"start":{"line":141,"column":8},"end":{"line":141,"column":8}},{"start":{"line":141,"column":8},"end":{"line":141,"column":8}}]}}},"contracts/whitelists/iEstate/DefaultSecurityTokenWhitelist.sol":{"l":{"21":2,"31":31,"41":27},"path":"/Users/sherazarshad/Documents/Clients/iFunded/security-token-version-2/contracts/whitelists/iEstate/DefaultSecurityTokenWhitelist.sol","s":{"1":2,"2":31,"3":27},"b":{},"f":{"1":2,"2":31,"3":27},"fnMap":{"1":{"name":"constructor","line":20,"loc":{"start":{"line":20,"column":4},"end":{"line":20,"column":81}}},"2":{"name":"isWhitelistOperator","line":30,"loc":{"start":{"line":30,"column":4},"end":{"line":30,"column":82}}},"3":{"name":"isMemberOf","line":40,"loc":{"start":{"line":40,"column":4},"end":{"line":40,"column":91}}}},"statementMap":{"1":{"start":{"line":21,"column":8},"end":{"line":21,"column":47}},"2":{"start":{"line":31,"column":8},"end":{"line":31,"column":34}},"3":{"start":{"line":41,"column":8},"end":{"line":41,"column":49}}},"branchMap":{}},"contracts/whitelists/IFungibleWhitelist.sol":{"l":{},"path":"/Users/sherazarshad/Documents/Clients/iFunded/security-token-version-2/contracts/whitelists/IFungibleWhitelist.sol","s":{},"b":{},"f":{},"fnMap":{},"statementMap":{},"branchMap":{}}}